Using pre-set license
Built from '2020.2/staging' branch; Version is '2020.2.3f1 (8ff31bc5bf5b) revision 9433883'; Using compiler version '192528614'; Build Type 'Release'
OS: 'Windows 10 Pro; OS build 19042.1110; Version 2009; 64bit' Language: 'es' Physical Memory: 8112 MB
BatchMode: 1, IsHumanControllingUs: 0, StartBugReporterOnCrash: 0, Is64bit: 1, IsPro: 0

 COMMAND LINE ARGUMENTS:
C:\Program Files\Unity\Hub\Editor\2020.2.3f1\Editor\Unity.exe
-adb2
-batchMode
-noUpm
-name
AssetImportWorker0
-projectPath
C:/Users/MSI/Documents/GitHub/PETS-ARE-DYING-Project/PETS ARE DYING Project
-logFile
Logs/AssetImportWorker0.log
-srvPort
59037
Successfully changed project path to: C:/Users/MSI/Documents/GitHub/PETS-ARE-DYING-Project/PETS ARE DYING Project
C:/Users/MSI/Documents/GitHub/PETS-ARE-DYING-Project/PETS ARE DYING Project
Using Asset Import Pipeline V2.
Refreshing native plugins compatible for Editor in 27.22 ms, found 0 plugins.
Preloading 0 native plugins for Editor in 0.00 ms.
Initialize engine version: 2020.2.3f1 (8ff31bc5bf5b)
[Subsystems] Discovering subsystems at path C:/Program Files/Unity/Hub/Editor/2020.2.3f1/Editor/Data/Resources/UnitySubsystems
[Subsystems] Discovering subsystems at path C:/Users/MSI/Documents/GitHub/PETS-ARE-DYING-Project/PETS ARE DYING Project/Assets
GfxDevice: creating device client; threaded=0
Direct3D:
    Version:  Direct3D 11.0 [level 11.1]
    Renderer: NVIDIA GeForce GTX 1050 Ti (ID=0x1c8c)
    Vendor:   
    VRAM:     4021 MB
    Driver:   25.21.14.1972
Initialize mono
Mono path[0] = 'C:/Program Files/Unity/Hub/Editor/2020.2.3f1/Editor/Data/Managed'
Mono path[1] = 'C:/Program Files/Unity/Hub/Editor/2020.2.3f1/Editor/Data/MonoBleedingEdge/lib/mono/unityjit'
Mono config path = 'C:/Program Files/Unity/Hub/Editor/2020.2.3f1/Editor/Data/MonoBleedingEdge/etc'
Using monoOptions --debugger-agent=transport=dt_socket,embedding=1,server=y,suspend=n,address=127.0.0.1:56196
Begin MonoManager ReloadAssembly
Registering precompiled unity dll's ...
Register platform support module: C:/Program Files/Unity/Hub/Editor/2020.2.3f1/Editor/Data/PlaybackEngines/WindowsStandaloneSupport/UnityEditor.WindowsStandalone.Extensions.dll
Registered in 0.002137 seconds.
Native extension for WindowsStandalone target not found
Refreshing native plugins compatible for Editor in 25.73 ms, found 0 plugins.
Preloading 0 native plugins for Editor in 0.00 ms.
Invoked RoslynAnalysisRunner static constructor.
RoslynAnalysisRunner will not be running.
RoslynAnalysisRunner has terminated.
Mono: successfully reloaded assembly
- Completed reload, in  1.245 seconds
Platform modules already initialized, skipping
Registering precompiled user dll's ...
Registered in 0.000718 seconds.
Begin MonoManager ReloadAssembly
Native extension for WindowsStandalone target not found
Refreshing native plugins compatible for Editor in 0.21 ms, found 0 plugins.
Preloading 0 native plugins for Editor in 0.00 ms.
Invoked RoslynAnalysisRunner static constructor.
RoslynAnalysisRunner will not be running.
RoslynAnalysisRunner has terminated.
Mono: successfully reloaded assembly
- Completed reload, in  0.995 seconds
Platform modules already initialized, skipping
========================================================================
Worker process is ready to serve import requests
Launched and connected shader compiler UnityShaderCompiler.exe after 0.06 seconds
Refreshing native plugins compatible for Editor in 0.22 ms, found 0 plugins.
Preloading 0 native plugins for Editor in 0.00 ms.
Unloading 1105 Unused Serialized files (Serialized files now loaded: 0)
System memory in use before: 57.2 MB.
System memory in use after: 57.2 MB.

Unloading 10 unused Assets to reduce memory usage. Loaded Objects now: 1547.
Total: 2.607200 ms (FindLiveObjects: 0.316600 ms CreateObjectMapping: 0.287000 ms MarkObjects: 1.905600 ms  DeleteObjects: 0.096700 ms)

========================================================================
Received Import Request.
  path: Assets/VNAssets/Scripts/ADE Scripts
  artifactKey: Guid(2913de79746c41d45849fe4b1356b640) Importer(815301076,1909f56bfc062723c751e8b465ee728b)
Start importing Assets/VNAssets/Scripts/ADE Scripts using Guid(2913de79746c41d45849fe4b1356b640) Importer(815301076,1909f56bfc062723c751e8b465ee728b)  -> (artifact id: 'bae0fd48714d2126434504a179b6d248') in 0.013837 seconds
  Import took 0.016687 seconds .

========================================================================
Received Prepare
Registering precompiled user dll's ...
Registered in 0.000662 seconds.
Begin MonoManager ReloadAssembly
Native extension for WindowsStandalone target not found
Refreshing native plugins compatible for Editor in 0.98 ms, found 0 plugins.
Preloading 0 native plugins for Editor in 0.00 ms.
Invoked RoslynAnalysisRunner static constructor.
RoslynAnalysisRunner will not be running.
RoslynAnalysisRunner has terminated.
Mono: successfully reloaded assembly
- Completed reload, in  0.887 seconds
Platform modules already initialized, skipping
Refreshing native plugins compatible for Editor in 0.23 ms, found 0 plugins.
Preloading 0 native plugins for Editor in 0.00 ms.
Unloading 1100 Unused Serialized files (Serialized files now loaded: 0)
System memory in use before: 57.1 MB.
System memory in use after: 57.2 MB.

Unloading 5 unused Assets to reduce memory usage. Loaded Objects now: 1549.
Total: 1.814800 ms (FindLiveObjects: 0.247100 ms CreateObjectMapping: 0.038200 ms MarkObjects: 1.430200 ms  DeleteObjects: 0.097800 ms)

========================================================================
Received Import Request.
  Time since last request: 24.784623 seconds.
  path: Assets/VNAssets/Scripts/JSON Files
  artifactKey: Guid(b7421d01991e2a84082d02e21b3a048a) Importer(815301076,1909f56bfc062723c751e8b465ee728b)
Start importing Assets/VNAssets/Scripts/JSON Files using Guid(b7421d01991e2a84082d02e21b3a048a) Importer(815301076,1909f56bfc062723c751e8b465ee728b)  -> (artifact id: 'd64e051e64280d974c031d56a90c94c3') in 0.016428 seconds
  Import took 0.019708 seconds .

========================================================================
Received Prepare
Registering precompiled user dll's ...
Registered in 0.001019 seconds.
Begin MonoManager ReloadAssembly
Native extension for WindowsStandalone target not found
Refreshing native plugins compatible for Editor in 0.22 ms, found 0 plugins.
Preloading 0 native plugins for Editor in 0.00 ms.
Invoked RoslynAnalysisRunner static constructor.
RoslynAnalysisRunner will not be running.
RoslynAnalysisRunner has terminated.
Mono: successfully reloaded assembly
- Completed reload, in  0.878 seconds
Platform modules already initialized, skipping
Refreshing native plugins compatible for Editor in 0.20 ms, found 0 plugins.
Preloading 0 native plugins for Editor in 0.00 ms.
Unloading 1100 Unused Serialized files (Serialized files now loaded: 0)
System memory in use before: 57.1 MB.
System memory in use after: 57.2 MB.

Unloading 5 unused Assets to reduce memory usage. Loaded Objects now: 1551.
Total: 2.127900 ms (FindLiveObjects: 0.142800 ms CreateObjectMapping: 0.034300 ms MarkObjects: 1.869400 ms  DeleteObjects: 0.079800 ms)

========================================================================
Received Import Request.
  Time since last request: 699.034547 seconds.
  path: Assets/VNAssets/Scripts/DialogManager.cs
  artifactKey: Guid(6796a95ffc628994c865e0e7a9fc33e0) Importer(815301076,1909f56bfc062723c751e8b465ee728b)
Start importing Assets/VNAssets/Scripts/DialogManager.cs using Guid(6796a95ffc628994c865e0e7a9fc33e0) Importer(815301076,1909f56bfc062723c751e8b465ee728b)  -> (artifact id: '5065548d57e34fd992ebde9a789b3924') in 0.065131 seconds
  Import took 0.069650 seconds .

========================================================================
Received Import Request.
  Time since last request: 686.792351 seconds.
  path: Assets/Scripts
  artifactKey: Guid(54a1f334b8cb5a2418d6b8dd281a2ca2) Importer(815301076,1909f56bfc062723c751e8b465ee728b)
Start importing Assets/Scripts using Guid(54a1f334b8cb5a2418d6b8dd281a2ca2) Importer(815301076,1909f56bfc062723c751e8b465ee728b)  -> (artifact id: '23fd9dfa42da224b396e5bc06a32710d') in 0.011044 seconds
  Import took 0.019774 seconds .

========================================================================
Received Import Request.
  Time since last request: 0.000790 seconds.
  path: Assets/Scripts
  artifactKey: Guid(54a1f334b8cb5a2418d6b8dd281a2ca2) Importer(815301076,1909f56bfc062723c751e8b465ee728b)
Start importing Assets/Scripts using Guid(54a1f334b8cb5a2418d6b8dd281a2ca2) Importer(815301076,1909f56bfc062723c751e8b465ee728b)  -> (artifact id: '23fd9dfa42da224b396e5bc06a32710d') in 0.004062 seconds
  Import took 0.007536 seconds .

========================================================================
Received Import Request.
  Time since last request: 1.172153 seconds.
  path: Assets/Scripts/jsonTestDialog.json
  artifactKey: Guid(923696ad39ba0664098ea7b9b8258717) Importer(815301076,1909f56bfc062723c751e8b465ee728b)
Start importing Assets/Scripts/jsonTestDialog.json using Guid(923696ad39ba0664098ea7b9b8258717) Importer(815301076,1909f56bfc062723c751e8b465ee728b)  -> (artifact id: '5b2d7d8a8e94e224e197427429832fad') in 0.050814 seconds
  Import took 0.054686 seconds .

========================================================================
Received Import Request.
  Time since last request: 805.744175 seconds.
  path: Assets/Scenes
  artifactKey: Guid(ccc56497706dfd445afd9c7a50c77382) Importer(815301076,1909f56bfc062723c751e8b465ee728b)
Start importing Assets/Scenes using Guid(ccc56497706dfd445afd9c7a50c77382) Importer(815301076,1909f56bfc062723c751e8b465ee728b)  -> (artifact id: '2efba60bf13bfb95b00132e7c2ea40f0') in 0.024634 seconds
  Import took 0.030228 seconds .

